0 info it worked if it ends with ok
1 verbose cli [ '/usr/bin/nodejs', '/usr/bin/npm', 'start' ]
2 info using npm@3.3.12
3 info using node@v5.4.1
4 verbose run-script [ 'prestart', 'start', 'poststart' ]
5 info lifecycle BotMusic@~prestart: BotMusic@
6 silly lifecycle BotMusic@~prestart: no script for prestart, continuing
7 info lifecycle BotMusic@~start: BotMusic@
8 verbose lifecycle BotMusic@~start: unsafe-perm in lifecycle true
9 verbose lifecycle BotMusic@~start: PATH: /usr/lib/node_modules/npm/bin/node-gyp-bin:/home/julien/dev/BotMusic/node_modules/.bin:/home/julien/.rbenv/plugins/ruby-build/bin:/home/julien/.rbenv/shims:/home/julien/.rbenv/bin:/usr/local/sbin:/usr/local/bin:/usr/sbin:/usr/bin:/sbin:/bin:/usr/games:/usr/local/games:/home/julien/Intellij/bin
10 verbose lifecycle BotMusic@~start: CWD: /home/julien/dev/BotMusic
11 silly lifecycle BotMusic@~start: Args: [ '-c', 'node ./src/musicbot.js' ]
12 silly lifecycle BotMusic@~start: Returned: code: 1  signal: null
13 info lifecycle BotMusic@~start: Failed to exec start script
14 verbose stack Error: BotMusic@ start: `node ./src/musicbot.js`
14 verbose stack Exit status 1
14 verbose stack     at EventEmitter.<anonymous> (/usr/lib/node_modules/npm/lib/utils/lifecycle.js:232:16)
14 verbose stack     at emitTwo (events.js:87:13)
14 verbose stack     at EventEmitter.emit (events.js:172:7)
14 verbose stack     at ChildProcess.<anonymous> (/usr/lib/node_modules/npm/lib/utils/spawn.js:24:14)
14 verbose stack     at emitTwo (events.js:87:13)
14 verbose stack     at ChildProcess.emit (events.js:172:7)
14 verbose stack     at maybeClose (internal/child_process.js:821:16)
14 verbose stack     at Process.ChildProcess._handle.onexit (internal/child_process.js:211:5)
15 verbose pkgid BotMusic@
16 verbose cwd /home/julien/dev/BotMusic
17 error Linux 4.2.0-23-generic
18 error argv "/usr/bin/nodejs" "/usr/bin/npm" "start"
19 error node v5.4.1
20 error npm  v3.3.12
21 error code ELIFECYCLE
22 error BotMusic@ start: `node ./src/musicbot.js`
22 error Exit status 1
23 error Failed at the BotMusic@ start script 'node ./src/musicbot.js'.
23 error Make sure you have the latest version of node.js and npm installed.
23 error If you do, this is most likely a problem with the BotMusic package,
23 error not with npm itself.
23 error Tell the author that this fails on your system:
23 error     node ./src/musicbot.js
23 error You can get their info via:
23 error     npm owner ls BotMusic
23 error There is likely additional logging output above.
24 verbose exit [ 1, true ]
